0 info it worked if it ends with ok
1 verbose cli [ '/usr/local/bin/node', '/usr/local/bin/npm', 'start' ]
2 info using npm@3.8.3
3 info using node@v5.10.1
4 verbose run-script [ 'prestart', 'start', 'poststart' ]
5 info lifecycle lu-page@1.0.0~prestart: lu-page@1.0.0
6 silly lifecycle lu-page@1.0.0~prestart: no script for prestart, continuing
7 info lifecycle lu-page@1.0.0~start: lu-page@1.0.0
8 verbose lifecycle lu-page@1.0.0~start: unsafe-perm in lifecycle true
9 verbose lifecycle lu-page@1.0.0~start: PATH: /usr/local/lib/node_modules/npm/bin/node-gyp-bin:/Users/lu1/Documents/workspace/myPage/node_modules/.bin:/usr/local/bin:/Library/Frameworks/Python.framework/Versions/2.7/bin:/Users/lu1/.dnx/runtimes/dnx-mono.1.0.0-beta7/bin:/Users/lu1/.dnx/bin:/Library/Java/JavaVirtualMachines/jdk1.8.0_65.jdk/Contents/Home/bin:/usr/local/bin:/usr/bin:/bin:/usr/sbin:/sbin:/usr/local/git/bin:/Users/lu1/Applications/mongodb/bin
10 verbose lifecycle lu-page@1.0.0~start: CWD: /Users/lu1/Documents/workspace/myPage
11 silly lifecycle lu-page@1.0.0~start: Args: [ '-c', 'node node_modules/http-server/bin/http-server -p -o' ]
12 silly lifecycle lu-page@1.0.0~start: Returned: code: 1  signal: null
13 info lifecycle lu-page@1.0.0~start: Failed to exec start script
14 verbose stack Error: lu-page@1.0.0 start: `node node_modules/http-server/bin/http-server -p -o`
14 verbose stack Exit status 1
14 verbose stack     at EventEmitter.<anonymous> (/usr/local/lib/node_modules/npm/lib/utils/lifecycle.js:239:16)
14 verbose stack     at emitTwo (events.js:100:13)
14 verbose stack     at EventEmitter.emit (events.js:185:7)
14 verbose stack     at ChildProcess.<anonymous> (/usr/local/lib/node_modules/npm/lib/utils/spawn.js:24:14)
14 verbose stack     at emitTwo (events.js:100:13)
14 verbose stack     at ChildProcess.emit (events.js:185:7)
14 verbose stack     at maybeClose (internal/child_process.js:850:16)
14 verbose stack     at Process.ChildProcess._handle.onexit (internal/child_process.js:215:5)
15 verbose pkgid lu-page@1.0.0
16 verbose cwd /Users/lu1/Documents/workspace/myPage
17 error Darwin 16.5.0
18 error argv "/usr/local/bin/node" "/usr/local/bin/npm" "start"
19 error node v5.10.1
20 error npm  v3.8.3
21 error code ELIFECYCLE
22 error lu-page@1.0.0 start: `node node_modules/http-server/bin/http-server -p -o`
22 error Exit status 1
23 error Failed at the lu-page@1.0.0 start script 'node node_modules/http-server/bin/http-server -p -o'.
23 error Make sure you have the latest version of node.js and npm installed.
23 error If you do, this is most likely a problem with the lu-page package,
23 error not with npm itself.
23 error Tell the author that this fails on your system:
23 error     node node_modules/http-server/bin/http-server -p -o
23 error You can get information on how to open an issue for this project with:
23 error     npm bugs lu-page
23 error Or if that isn't available, you can get their info via:
23 error     npm owner ls lu-page
23 error There is likely additional logging output above.
24 verbose exit [ 1, true ]
